<?xml version="1.0" encoding="UTF-8"?>
<!-- Generated by org.testng.reporters.JUnitReportReporter -->
<testsuite skipped="0" hostname="ip-172-31-86-163" name="test.ParallelTest" tests="4" failures="0" timestamp="2020-11-09T21:49:24 UTC" time="22.912" errors="0">
  <testcase name="LaunchFirefox" time="6.981" classname="test.ParallelTest"/>
  <system-out/>
  <testcase name="TryFacebook1" time="9.327" classname="test.ParallelTest"/>
  <system-out/>
  <testcase name="LaunchChrome" time="3.623" classname="test.ParallelTest"/>
  <system-out/>
  <testcase name="TryFacebook2" time="2.981" classname="test.ParallelTest"/>
  <system-out/>
</testsuite> <!-- test.ParallelTest -->
