<?xml version="1.0" encoding="UTF-8"?>
<!-- Generated by org.testng.reporters.JUnitReportReporter -->
<testsuite skipped="0" hostname="ip-172-31-86-163" name="test.ParallelTest" tests="4" failures="0" timestamp="2020-11-09T21:57:24 UTC" time="17.864" errors="0">
  <testcase name="TryFacebook1" time="4.802" classname="test.ParallelTest"/>
  <system-out/>
  <testcase name="TryFacebook2" time="2.131" classname="test.ParallelTest"/>
  <system-out/>
  <testcase name="LaunchChrome" time="3.697" classname="test.ParallelTest"/>
  <system-out/>
  <testcase name="LaunchFirefox" time="7.234" classname="test.ParallelTest"/>
  <system-out/>
</testsuite> <!-- test.ParallelTest -->
