<?xml version="1.0" encoding="UTF-8"?>
<!-- Generated by org.testng.reporters.JUnitReportReporter -->
<testsuite skipped="0" hostname="ip-172-31-86-163" name="tests.LoginTest" tests="1" failures="0" timestamp="2020-11-22T17:33:54 UTC" time="4.058" errors="0">
  <testcase name="login" time="4.058" classname="tests.LoginTest"/>
  <system-out/>
</testsuite> <!-- tests.LoginTest -->
