<?xml version="1.0" encoding="UTF-8"?>
<!-- Generated by org.testng.reporters.JUnitReportReporter -->
<testsuite skipped="0" hostname="ip-172-31-86-163" name="Testing.TestAnnotation" tests="2" failures="0" timestamp="2020-11-09T19:01:05 UTC" time="0.013" errors="0">
  <testcase name="Test1" time="0.011" classname="Testing.TestAnnotation"/>
  <system-out/>
  <testcase name="Test2" time="0.002" classname="Testing.TestAnnotation"/>
  <system-out/>
</testsuite> <!-- Testing.TestAnnotation -->
