<?xml version="1.0" encoding="UTF-8"?>
<!-- Generated by org.testng.reporters.JUnitReportReporter -->
<testsuite skipped="0" hostname="ip-172-31-86-163" name="Testing.test2" tests="1" failures="0" timestamp="2020-11-07T15:13:55 UTC" time="0.010" errors="0">
  <testcase name="test2" time="0.010" classname="Testing.test2"/>
  <system-out/>
</testsuite> <!-- Testing.test2 -->
