<?xml version="1.0" encoding="UTF-8"?>
<!-- Generated by org.testng.reporters.JUnitReportReporter -->
<testsuite skipped="0" hostname="ip-172-31-86-163" name="Testing.test1" tests="1" failures="0" timestamp="2020-11-07T15:12:25 UTC" time="0.014" errors="0">
  <testcase name="test1" time="0.014" classname="Testing.test1"/>
  <system-out/>
</testsuite> <!-- Testing.test1 -->
